<?xml version="1.0" encoding="UTF-8"?>
<testsuite xmlns:xsi="http://www.w3.org/2001/XMLSchema-instance" xsi:noNamespaceSchemaLocation="https://maven.apache.org/surefire/maven-surefire-plugin/xsd/surefire-test-report.xsd" name="org.apache.commons.text.similarity.ParameterizedLevenshteinDistanceTest" time="0.11" tests="38" errors="0" skipped="0" failures="0">
  <properties>
[...]
</properties>
  <testcase name="test{Integer, CharSequence, CharSequence, Integer}[1]" classname="org.apache.commons.text.similarity.ParameterizedLevenshteinDistanceTest" time="0.019"/>
  <testcase name="test{Integer, CharSequence, CharSequence, Integer}[2]" classname="org.apache.commons.text.similarity.ParameterizedLevenshteinDistanceTest" time="0.001"/>
  <testcase name="test{Integer, CharSequence, CharSequence, Integer}[3]" classname="org.apache.commons.text.similarity.ParameterizedLevenshteinDistanceTest" time="0.001"/>
  <testcase name="test{Integer, CharSequence, CharSequence, Integer}[4]" classname="org.apache.commons.text.similarity.ParameterizedLevenshteinDistanceTest" time="0.001"/>
  <testcase name="test{Integer, CharSequence, CharSequence, Integer}[5]" classname="org.apache.commons.text.similarity.ParameterizedLevenshteinDistanceTest" time="0.001"/>
  <testcase name="test{Integer, CharSequence, CharSequence, Integer}[6]" classname="org.apache.commons.text.similarity.ParameterizedLevenshteinDistanceTest" time="0"/>
  <testcase name="test{Integer, CharSequence, CharSequence, Integer}[7]" classname="org.apache.commons.text.similarity.ParameterizedLevenshteinDistanceTest" time="0"/>
  <testcase name="test{Integer, CharSequence, CharSequence, Integer}[8]" classname="org.apache.commons.text.similarity.ParameterizedLevenshteinDistanceTest" time="0"/>
  <testcase name="test{Integer, CharSequence, CharSequence, Integer}[9]" classname="org.apache.commons.text.similarity.ParameterizedLevenshteinDistanceTest" time="0.005"/>
  <testcase name="test{Integer, CharSequence, CharSequence, Integer}[10]" classname="org.apache.commons.text.similarity.ParameterizedLevenshteinDistanceTest" time="0.001"/>
  <testcase name="test{Integer, CharSequence, CharSequence, Integer}[11]" classname="org.apache.commons.text.similarity.ParameterizedLevenshteinDistanceTest" time="0.001"/>
  <testcase name="test{Integer, CharSequence, CharSequence, Integer}[12]" classname="org.apache.commons.text.similarity.ParameterizedLevenshteinDistanceTest" time="0.001"/>
  <testcase name="test{Integer, CharSequence, CharSequence, Integer}[13]" classname="org.apache.commons.text.similarity.ParameterizedLevenshteinDistanceTest" time="0.001"/>
  <testcase name="test{Integer, CharSequence, CharSequence, Integer}[14]" classname="org.apache.commons.text.similarity.ParameterizedLevenshteinDistanceTest" time="0"/>
  <testcase name="test{Integer, CharSequence, CharSequence, Integer}[15]" classname="org.apache.commons.text.similarity.ParameterizedLevenshteinDistanceTest" time="0"/>
  <testcase name="test{Integer, CharSequence, CharSequence, Integer}[16]" classname="org.apache.commons.text.similarity.ParameterizedLevenshteinDistanceTest" time="0.001"/>
  <testcase name="test{Integer, CharSequence, CharSequence, Integer}[17]" classname="org.apache.commons.text.similarity.ParameterizedLevenshteinDistanceTest" time="0.001"/>
  <testcase name="test{Integer, CharSequence, CharSequence, Integer}[18]" classname="org.apache.commons.text.similarity.ParameterizedLevenshteinDistanceTest" time="0"/>
  <testcase name="test{Integer, CharSequence, CharSequence, Integer}[19]" classname="org.apache.commons.text.similarity.ParameterizedLevenshteinDistanceTest" time="0"/>
  <testcase name="test{Integer, CharSequence, CharSequence, Integer}[20]" classname="org.apache.commons.text.similarity.ParameterizedLevenshteinDistanceTest" time="0"/>
  <testcase name="test{Integer, CharSequence, CharSequence, Integer}[21]" classname="org.apache.commons.text.similarity.ParameterizedLevenshteinDistanceTest" time="0"/>
  <testcase name="test{Integer, CharSequence, CharSequence, Integer}[22]" classname="org.apache.commons.text.similarity.ParameterizedLevenshteinDistanceTest" time="0"/>
  <testcase name="test{Integer, CharSequence, CharSequence, Integer}[23]" classname="org.apache.commons.text.similarity.ParameterizedLevenshteinDistanceTest" time="0"/>
  <testcase name="test{Integer, CharSequence, CharSequence, Integer}[24]" classname="org.apache.commons.text.similarity.ParameterizedLevenshteinDistanceTest" time="0"/>
  <testcase name="test{Integer, CharSequence, CharSequence, Integer}[25]" classname="org.apache.commons.text.similarity.ParameterizedLevenshteinDistanceTest" time="0.001"/>
  <testcase name="test{Integer, CharSequence, CharSequence, Integer}[26]" classname="org.apache.commons.text.similarity.ParameterizedLevenshteinDistanceTest" time="0.001"/>
  <testcase name="test{Integer, CharSequence, CharSequence, Integer}[27]" classname="org.apache.commons.text.similarity.ParameterizedLevenshteinDistanceTest" time="0.004"/>
  <testcase name="test{Integer, CharSequence, CharSequence, Integer}[28]" classname="org.apache.commons.text.similarity.ParameterizedLevenshteinDistanceTest" time="0.001"/>
  <testcase name="test{Integer, CharSequence, CharSequence, Integer}[29]" classname="org.apache.commons.text.similarity.ParameterizedLevenshteinDistanceTest" time="0.001"/>
  <testcase name="test{Integer, CharSequence, CharSequence, Integer}[30]" classname="org.apache.commons.text.similarity.ParameterizedLevenshteinDistanceTest" time="0.001"/>
  <testcase name="test{Integer, CharSequence, CharSequence, Integer}[31]" classname="org.apache.commons.text.similarity.ParameterizedLevenshteinDistanceTest" time="0"/>
  <testcase name="test{Integer, CharSequence, CharSequence, Integer}[32]" classname="org.apache.commons.text.similarity.ParameterizedLevenshteinDistanceTest" time="0"/>
  <testcase name="test{Integer, CharSequence, CharSequence, Integer}[33]" classname="org.apache.commons.text.similarity.ParameterizedLevenshteinDistanceTest" time="0"/>
  <testcase name="test{Integer, CharSequence, CharSequence, Integer}[34]" classname="org.apache.commons.text.similarity.ParameterizedLevenshteinDistanceTest" time="0.001"/>
  <testcase name="test{Integer, CharSequence, CharSequence, Integer}[35]" classname="org.apache.commons.text.similarity.ParameterizedLevenshteinDistanceTest" time="0"/>
  <testcase name="test{Integer, CharSequence, CharSequence, Integer}[36]" classname="org.apache.commons.text.similarity.ParameterizedLevenshteinDistanceTest" time="0.001"/>
  <testcase name="test{Integer, CharSequence, CharSequence, Integer}[37]" classname="org.apache.commons.text.similarity.ParameterizedLevenshteinDistanceTest" time="0.001"/>
  <testcase name="test{Integer, CharSequence, CharSequence, Integer}[38]" classname="org.apache.commons.text.similarity.ParameterizedLevenshteinDistanceTest" time="0.001"/>
</testsuite>